<?xml version="1.0" encoding="UTF-8"?>
<!-- Generated by org.testng.reporters.JUnitReportReporter -->
<testsuite hostname="DESKTOP-E7TM7I5" failures="0" tests="1" name="com.tmb.tests.Monte_Test_Case" time="20.923" errors="0" timestamp="18 Oct 2023 11:09:42 GMT" skipped="0">
  <testcase classname="com.tmb.tests.Monte_Test_Case" name="getAppURL" time="20.923"/>
</testsuite> <!-- com.tmb.tests.Monte_Test_Case -->
